{"/Users/sunishka/jest-unit-testing/module.js": {"path":"/Users/sunishka/jest-unit-testing/module.js","statementMap":{"0":{"start":{"line":2,"column":4},"end":{"line":2,"column":17}},"1":{"start":{"line":6,"column":4},"end":{"line":6,"column":17}},"2":{"start":{"line":10,"column":4},"end":{"line":13,"column":5}},"3":{"start":{"line":10,"column":17},"end":{"line":10,"column":18}},"4":{"start":{"line":11,"column":8},"end":{"line":12,"column":20}},"5":{"start":{"line":12,"column":8},"end":{"line":12,"column":20}},"6":{"start":{"line":14,"column":4},"end":{"line":14,"column":17}}},"fnMap":{"0":{"name":"sum","decl":{"start":{"line":1,"column":9},"end":{"line":1,"column":12}},"loc":{"start":{"line":1,"column":19},"end":{"line":3,"column":1}},"line":1},"1":{"name":"div","decl":{"start":{"line":5,"column":9},"end":{"line":5,"column":12}},"loc":{"start":{"line":5,"column":19},"end":{"line":7,"column":1}},"line":5},"2":{"name":"containsNumbers","decl":{"start":{"line":9,"column":9},"end":{"line":9,"column":24}},"loc":{"start":{"line":9,"column":30},"end":{"line":15,"column":1}},"line":9}},"branchMap":{"0":{"loc":{"start":{"line":11,"column":8},"end":{"line":12,"column":20}},"type":"if","locations":[{"start":{"line":11,"column":8},"end":{"line":12,"column":20}},{"start":{},"end":{}}],"line":11}},"s":{"0":1,"1":9,"2":7,"3":7,"4":18,"5":4,"6":3},"f":{"0":1,"1":9,"2":7},"b":{"0":[4,14]},"inputSourceMap":null,"_coverageSchema":"1a1c01bbd47fc00a2c39e90264f33305004495a9","hash":"a6cab2b5abb2eea1922952054ffdc31fea6a3f94"}
}
